TN:
SF:src\index.js
FN:13,checksExistsUserAccount
FN:25,checksExistsUserTodo
FNF:2
FNH:2
FNDA:17,checksExistsUserAccount
FNDA:6,checksExistsUserTodo
DA:1,1
DA:2,1
DA:3,1
DA:4,1
DA:5,1
DA:6,1
DA:7,1
DA:8,1
DA:9,1
DA:10,1
DA:11,1
DA:12,1
DA:13,17
DA:14,17
DA:15,17
DA:16,17
DA:17,17
DA:18,17
DA:19,17
DA:20,16
DA:21,16
DA:22,16
DA:23,16
DA:24,1
DA:25,6
DA:26,6
DA:27,6
DA:28,6
DA:29,6
DA:30,6
DA:31,6
DA:32,3
DA:33,3
DA:34,3
DA:35,1
DA:36,1
DA:37,1
DA:38,1
DA:39,1
DA:40,1
DA:41,1
DA:42,1
DA:43,1
DA:44,1
DA:45,1
DA:46,14
DA:47,14
DA:48,14
DA:49,14
DA:50,14
DA:51,14
DA:52,10
DA:53,10
DA:54,10
DA:55,10
DA:56,10
DA:57,10
DA:58,1
DA:59,1
DA:60,1
DA:61,1
DA:62,1
DA:63,1
DA:64,1
DA:65,1
DA:66,1
DA:67,1
DA:68,1
DA:69,1
DA:70,1
DA:71,1
DA:72,1
DA:73,1
DA:74,1
DA:75,1
DA:76,1
DA:77,2
DA:78,2
DA:79,2
DA:80,1
DA:81,1
DA:82,5
DA:83,5
DA:84,5
DA:85,5
DA:86,5
DA:87,5
DA:88,5
DA:89,5
DA:90,5
DA:91,5
DA:92,5
DA:93,5
DA:94,1
DA:95,1
DA:96,1
DA:97,1
DA:98,1
DA:99,1
DA:100,1
DA:101,1
DA:102,1
DA:103,1
DA:104,1
DA:105,1
DA:106,1
DA:107,1
DA:108,1
DA:109,1
DA:110,1
DA:111,1
DA:112,1
DA:113,1
DA:114,1
DA:115,1
DA:116,1
DA:117,1
DA:118,1
DA:119,1
DA:120,1
DA:121,1
DA:122,1
DA:123,1
DA:124,1
DA:125,1
DA:126,1
DA:127,1
DA:128,1
DA:129,1
DA:130,1
DA:131,1
DA:132,1
DA:133,1
DA:134,1
DA:135,1
LF:135
LH:135
BRDA:13,0,0,17
BRDA:19,1,0,1
BRDA:19,2,0,16
BRDA:16,3,0,65
BRDA:25,4,0,6
BRDA:31,5,0,3
BRDA:28,6,0,3
BRDA:36,7,0,1
BRDA:40,8,0,1
BRDA:45,9,0,14
BRDA:51,10,0,4
BRDA:51,11,0,10
BRDA:48,12,0,33
BRDA:59,13,0,1
BRDA:68,14,0,1
BRDA:76,15,0,2
BRDA:81,16,0,5
BRDA:99,17,0,1
BRDA:103,18,0,1
BRDA:113,19,0,1
BRDA:116,20,0,1
BRDA:126,21,0,1
BRDA:129,22,0,1
BRF:23
BRH:23
end_of_record
